0 info it worked if it ends with ok
1 verbose cli [ '/usr/bin/node',
1 verbose cli   '/usr/bin/npm',
1 verbose cli   'run',
1 verbose cli   'eslint',
1 verbose cli   'firstScript.js' ]
2 info using npm@3.5.2
3 info using node@v8.10.0
4 verbose run-script [ 'preeslint', 'eslint', 'posteslint' ]
5 info lifecycle myapp@0.0.0~preeslint: myapp@0.0.0
6 silly lifecycle myapp@0.0.0~preeslint: no script for preeslint, continuing
7 info lifecycle myapp@0.0.0~eslint: myapp@0.0.0
8 verbose lifecycle myapp@0.0.0~eslint: unsafe-perm in lifecycle true
9 verbose lifecycle myapp@0.0.0~eslint: PATH: /usr/share/npm/bin/node-gyp-bin:/home/rajithar/Desktop/FastTrackNew/myapp/node_modules/.bin:/usr/local/sbin:/usr/local/bin:/usr/sbin:/usr/bin:/sbin:/bin:/usr/games:/usr/local/games:/snap/bin
10 verbose lifecycle myapp@0.0.0~eslint: CWD: /home/rajithar/Desktop/FastTrackNew/myapp
11 silly lifecycle myapp@0.0.0~eslint: Args: [ '-c', 'eslint "firstScript.js"' ]
12 silly lifecycle myapp@0.0.0~eslint: Returned: code: 1  signal: null
13 info lifecycle myapp@0.0.0~eslint: Failed to exec eslint script
14 verbose stack Error: myapp@0.0.0 eslint: `eslint "firstScript.js"`
14 verbose stack Exit status 1
14 verbose stack     at EventEmitter.<anonymous> (/usr/share/npm/lib/utils/lifecycle.js:232:16)
14 verbose stack     at emitTwo (events.js:126:13)
14 verbose stack     at EventEmitter.emit (events.js:214:7)
14 verbose stack     at ChildProcess.<anonymous> (/usr/share/npm/lib/utils/spawn.js:24:14)
14 verbose stack     at emitTwo (events.js:126:13)
14 verbose stack     at ChildProcess.emit (events.js:214:7)
14 verbose stack     at maybeClose (internal/child_process.js:925:16)
14 verbose stack     at Process.ChildProcess._handle.onexit (internal/child_process.js:209:5)
15 verbose pkgid myapp@0.0.0
16 verbose cwd /home/rajithar/Desktop/FastTrackNew/myapp
17 error Linux 4.15.0-46-generic
18 error argv "/usr/bin/node" "/usr/bin/npm" "run" "eslint" "firstScript.js"
19 error node v8.10.0
20 error npm  v3.5.2
21 error code ELIFECYCLE
22 error myapp@0.0.0 eslint: `eslint "firstScript.js"`
22 error Exit status 1
23 error Failed at the myapp@0.0.0 eslint script 'eslint "firstScript.js"'.
23 error Make sure you have the latest version of node.js and npm installed.
23 error If you do, this is most likely a problem with the myapp package,
23 error not with npm itself.
23 error Tell the author that this fails on your system:
23 error     eslint "firstScript.js"
23 error You can get information on how to open an issue for this project with:
23 error     npm bugs myapp
23 error Or if that isn't available, you can get their info via:
23 error     npm owner ls myapp
23 error There is likely additional logging output above.
24 verbose exit [ 1, true ]
